37,1,qwertyabc123
38,2,aa
38,3,aa
38,4,a
38,5,aa
38,6,a
38,7,a
38,8,a
38,9,a
38,10,a
38,11,a
38,12,a
38,13,a
38,14,a
38,15,a
38,16,a
38,17,a
38,18,aa
38,19,assa
38,20,ss
38,21,s
38,22,s
38,23,s
38,24,s
38,25,s
38,26,s
38,27,sAS
38,28,1
38,29,1
38,30,1
38,31,1
38,32,1
38,33,1
38,34,1
38,35,1W
38,36,1W
38,37,1W
38,38,1W
38,39,1W
38,40,1W
38,41,1W
38,42,1W
38,43,1
38,44,W
38,45,1W
38,46,1W
38,47,1
38,48,1
38,49,W1
38,50,W
38,51,1W
38,52,1W
38,53,1W
38,54,1W
38,55,1W
38,56,1
38,57,W1
38,58,W
38,59,1W
38,60,1W
38,61,1
